빌드 시작: 2016-07-14 오후 6:45:58
     1>2 노드의 "c:\Users\Tim\documents\visual studio 2013\Projects\OPENDB\OPENDB\OPENDB.vcxproj" 프로젝트(Build 대상)입니다.
     1>ClCompile:
         C:\Program Files (x86)\Microsoft Visual Studio 12.0\VC\bin\CL.exe /c /IC:\opencv\build\include /ZI /nologo /W3 /WX- /sdl /Od /Oy- /D WIN32 /D _DEBUG /D _CONSOLE /D _LIB /D _UNICODE /D UNICODE /Gm /EHsc /RTC1 /MDd /GS /fp:precise /Zc:wchar_t /Zc:forScope /Fo"Debug\\" /Fd"Debug\vc120.pdb" /Gd /TP /analyze- /errorReport:prompt opendb.cpp
         opendb.cpp
       Link:
         C:\Program Files (x86)\Microsoft Visual Studio 12.0\VC\bin\link.exe /ERRORREPORT:PROMPT /OUT:"c:\users\tim\documents\visual studio 2013\Projects\OPENDB\Debug\OPENDB.exe" /INCREMENTAL /NOLOGO /LIBPATH:C:\opencv\build\x64\vc12\lib opencv_calib3d2413d.lib opencv_contrib2413d.lib opencv_core2413d.lib opencv_features2d2413d.lib opencv_flann2413d.lib opencv_gpu2413d.lib opencv_highgui2413d.lib opencv_imgproc2413d.lib opencv_legacy2413d.lib opencv_ml2413d.lib opencv_nonfree2413d.lib opencv_objdetect2413d.lib opencv_ocl2413d.lib opencv_photo2413d.lib opencv_stitching2413d.lib opencv_superres2413d.lib opencv_ts2413d.lib opencv_video2413d.lib opencv_videostab2413d.lib kernel32.lib user32.lib gdi32.lib winspool.lib comdlg32.lib advapi32.lib shell32.lib ole32.lib oleaut32.lib uuid.lib odbc32.lib odbccp32.lib /MANIFEST /MANIFESTUAC:"level='asInvoker' uiAccess='false'" /manifest:embed /DEBUG /PDB:"c:\users\tim\documents\visual studio 2013\Projects\OPENDB\Debug\OPENDB.pdb" /SUBSYSTEM:CONSOLE /TLBID:1 /DYNAMICBASE /NXCOMPAT /IMPLIB:"c:\users\tim\documents\visual studio 2013\Projects\OPENDB\Debug\OPENDB.lib" /MACHINE:X86 Debug\opendb.obj
     1>opendb.obj : error LNK2019: _cvReleaseImage 외부 기호(참조 위치: _main 함수)에서 확인하지 못했습니다.
     1>opendb.obj : error LNK2019: _cvShowImage 외부 기호(참조 위치: _main 함수)에서 확인하지 못했습니다.
     1>opendb.obj : error LNK2019: _cvLoadImage 외부 기호(참조 위치: _main 함수)에서 확인하지 못했습니다.
     1>opendb.obj : error LNK2019: _cvWaitKey 외부 기호(참조 위치: _main 함수)에서 확인하지 못했습니다.
     1>c:\users\tim\documents\visual studio 2013\Projects\OPENDB\Debug\OPENDB.exe : fatal error LNK1120: 4개의 확인할 수 없는 외부 참조입니다.
     1>"c:\Users\Tim\documents\visual studio 2013\Projects\OPENDB\OPENDB\OPENDB.vcxproj" 프로젝트를 빌드했습니다(Build 대상). - 실패

빌드하지 못했습니다.

경과 시간: 00:00:01.73
